<?xml version="1.0" encoding="UTF-8"?>
<testsuite name="SimpleBankSystemTest" tests="1" skipped="0" failures="0" errors="0" timestamp="2021-11-17T21:30:28" hostname="ADMIN" time="0.902">
  <properties/>
  <testcase name="start" classname="SimpleBankSystemTest" time="0.902"/>
  <system-out><![CDATA[?[1;31m
Start test 1?[0m

1. Create an account
2. Log into account
0. Exit
> 0

Bye!
?[1;31m
Start test 2?[0m

1. Create an account
2. Log into account
0. Exit
> 0

Bye!
?[1;31m
Start test 3?[0m

1. Create an account
2. Log into account
0. Exit
> 0

Bye!
?[1;31m
Start test 4?[0m

1. Create an account
2. Log into account
0. Exit
> 0

Bye!
?[1;31m
Start test 5?[0m

1. Create an account
2. Log into account
0. Exit
> 1

Your card has been created
Your card number:
4000004744190871
Your card PIN:
3145

1. Create an account
2. Log into account
0. Exit
> 1

Your card has been created
Your card number:
4000009893251416
Your card PIN:
0872

1. Create an account
2. Log into account
0. Exit
> 1

Your card has been created
Your card number:
4000001355215930
Your card PIN:
6368

1. Create an account
2. Log into account
0. Exit
> 1

Your card has been created
Your card number:
4000008222667201
Your card PIN:
4387

1. Create an account
2. Log into account
0. Exit
> 1

Your card has been created
Your card number:
4000003216826277
Your card PIN:
9560

1. Create an account
2. Log into account
0. Exit
> 0

Bye!
4000004744190871
4000009893251416
4000001355215930
4000008222667201
4000003216826277
?[1;31m
Start test 6?[0m

1. Create an account
2. Log into account
0. Exit
> 1

Your card has been created
Your card number:
4000008700082550
Your card PIN:
5648

1. Create an account
2. Log into account
0. Exit
> 2

Enter your card number:
> 4000008700082550
Enter your PIN:
> 5648

You have successfully logged in!

1. Balance
2. Log out
0. Exit
> 0

Bye!
?[1;31m
Start test 7?[0m

1. Create an account
2. Log into account
0. Exit
> 1

Your card has been created
Your card number:
4000007179950370
Your card PIN:
2063

1. Create an account
2. Log into account
0. Exit
> 2

Enter your card number:
> 4000007179950370
Enter your PIN:
> 5771

Wrong card number or PIN!

1. Create an account
2. Log into account
0. Exit
> 0

Bye!
?[1;31m
Start test 8?[0m

1. Create an account
2. Log into account
0. Exit
> 1

Your card has been created
Your card number:
4000006534442552
Your card PIN:
9821

1. Create an account
2. Log into account
0. Exit
> 2

Enter your card number:
> 400000202318169
Enter your PIN:
> 9821

Wrong card number or PIN!

1. Create an account
2. Log into account
0. Exit
> 0

Bye!
?[1;31m
Start test 9?[0m

1. Create an account
2. Log into account
0. Exit
> 1

Your card has been created
Your card number:
4000009406074537
Your card PIN:
0755

1. Create an account
2. Log into account
0. Exit
> 2

Enter your card number:
> 4000009406074537
Enter your PIN:
> 0755

You have successfully logged in!

1. Balance
2. Log out
0. Exit
> 1

Balance: 0

1. Balance
2. Log out
0. Exit
> 0

Bye!
]]></system-out>
  <system-err><![CDATA[]]></system-err>
</testsuite>
